<?xml version="1.0" encoding="UTF-8"?>
<!-- Generated by org.testng.reporters.JUnitReportReporter -->
<testsuite skipped="0" hostname="iMarsu" name="qaautomation.march2022.AppTestAfterPageFactory" tests="4" failures="0" timestamp="06 May 2022 11:55:26 GMT" time="45.648" errors="0">
  <testcase name="tidakLogin" time="13.588" classname="qaautomation.march2022.AppTestAfterPageFactory"/>
  <testcase name="salahUsername" time="11.696" classname="qaautomation.march2022.AppTestAfterPageFactory"/>
  <testcase name="salahPassword" time="8.423" classname="qaautomation.march2022.AppTestAfterPageFactory"/>
  <testcase name="berhasilLogin" time="11.941" classname="qaautomation.march2022.AppTestAfterPageFactory"/>
</testsuite> <!-- qaautomation.march2022.AppTestAfterPageFactory -->
