<?xml version="1.0" encoding="UTF-8"?>
<!-- Generated by org.testng.reporters.JUnitReportReporter -->
<testsuite skipped="0" hostname="iMarsu" name="tugas5.APITestKolak" tests="1" failures="0" timestamp="13 May 2022 14:16:11 GMT" time="5.039" errors="0">
  <testcase name="RegisterKolakFaker" time="5.039" classname="tugas5.APITestKolak"/>
</testsuite> <!-- tugas5.APITestKolak -->
