<?xml version="1.0" encoding="UTF-8"?>
<!-- Generated by org.testng.reporters.JUnitReportReporter -->
<testsuite skipped="0" hostname="iMarsu" name="qaautomation.march2022.AppTestAfterRefacotr2" tests="3" failures="0" timestamp="06 May 2022 11:16:57 GMT" time="32.166" errors="0">
  <testcase name="BerhasilLogin" time="9.056" classname="qaautomation.march2022.AppTestAfterRefacotr2"/>
  <testcase name="Test" time="8.708" classname="qaautomation.march2022.AppTestAfterRefacotr2"/>
  <testcase name="GagalLogin" time="14.402" classname="qaautomation.march2022.AppTestAfterRefacotr2"/>
</testsuite> <!-- qaautomation.march2022.AppTestAfterRefacotr2 -->
