<?xml version="1.0" encoding="UTF-8"?>
<!-- Generated by org.testng.reporters.JUnitReportReporter -->
<testsuite skipped="0" hostname="iMarsu" name="qaautomation.march2022.AppTest" tests="1" failures="0" timestamp="23 Apr 2022 07:20:41 GMT" time="13.461" errors="0">
  <testcase name="test" time="13.461" classname="qaautomation.march2022.AppTest"/>
</testsuite> <!-- qaautomation.march2022.AppTest -->
