<?xml version="1.0" encoding="UTF-8"?>
<!-- Generated by org.testng.reporters.JUnitReportReporter -->
<testsuite skipped="0" hostname="iMarsu" name="qaautomation.march2022.AppTestAfterPOM" tests="3" failures="0" timestamp="27 Apr 2022 16:59:39 GMT" time="47.365" errors="0">
  <testcase name="tidakLogin" time="26.772" classname="qaautomation.march2022.AppTestAfterPOM"/>
  <testcase name="berhasilLogin" time="8.809" classname="qaautomation.march2022.AppTestAfterPOM"/>
  <testcase name="gagalLogin" time="11.784" classname="qaautomation.march2022.AppTestAfterPOM"/>
</testsuite> <!-- qaautomation.march2022.AppTestAfterPOM -->
