<?xml version="1.0" encoding="UTF-8"?>
<!-- Generated by org.testng.reporters.JUnitReportReporter -->
<testsuite skipped="0" hostname="iMarsu" name="qaautomation.march2022.AppTestAfterRefacotr" tests="3" failures="0" timestamp="23 Apr 2022 10:38:29 GMT" time="55.193" errors="0">
  <testcase name="BerhasilLogin" time="23.101" classname="qaautomation.march2022.AppTestAfterRefacotr"/>
  <testcase name="GagalLogin" time="10.226" classname="qaautomation.march2022.AppTestAfterRefacotr"/>
  <testcase name="Test" time="21.866" classname="qaautomation.march2022.AppTestAfterRefacotr"/>
</testsuite> <!-- qaautomation.march2022.AppTestAfterRefacotr -->
