<?xml version="1.0" encoding="UTF-8"?>
<!-- Generated by org.testng.reporters.JUnitReportReporter -->
<testsuite skipped="0" hostname="iMarsu" name="tugas4.AppTest" tests="1" failures="0" timestamp="13 May 2022 14:35:54 GMT" time="21.275" errors="0">
  <testcase name="get_firstmsg" time="21.275" classname="tugas4.AppTest"/>
</testsuite> <!-- tugas4.AppTest -->
