<?xml version="1.0" encoding="UTF-8"?>
<!-- Generated by org.testng.reporters.JUnitReportReporter -->
<testsuite skipped="0" hostname="iMarsu" name="qaautomation.march2022.CommonPageTest" tests="2" failures="0" timestamp="06 May 2022 10:36:13 GMT" time="44.957" errors="0">
  <testcase name="testSwitching" time="21.958" classname="qaautomation.march2022.CommonPageTest"/>
  <testcase name="testScroll" time="22.999" classname="qaautomation.march2022.CommonPageTest"/>
</testsuite> <!-- qaautomation.march2022.CommonPageTest -->
